app/src/main/res/mipmap-anydpi-v26/Compressed/Foody2/app/build/outputs/logs/manifest-merger-debug-report.txt
-- Merging decision tree log ---
manifest
ADDED from src/main/AndroidManifest.xml:2:1-85:12
INJECTED from src/main/AndroidManifest.xml:2:1-85:12
INJECTED from src/main/AndroidManifest.xml:2:1-85:12
INJECTED from src/main/AndroidManifest.xml:2:1-85:12
MERGED from [com.facebook.android:facebook-android-sdk:4.25.0] AndroidManifest.xml:21:1-50:12
MERGED from [com.android.support:design:25.3.0] AndroidManifest.xml:17:1-31:12
MERGED from [com.google.android.gms:play-services:10.2.1] AndroidManifest.xml:2:1-6:12
MERGED from [com.google.android.gms:play-services-cast-framework:10.2.1] AndroidManifest.xml:2:1-9:12
MERGED from [com.google.android.gms:play-services-cast:10.2.1] AndroidManifest.xml:16:1-19:12
MERGED from [com.android.support:mediarouter-v7:25.3.0] AndroidManifest.xml:17:1-28:12
MERGED from [com.android.support:appcompat-v7:25.3.0] AndroidManifest.xml:17:1-31:12
MERGED from [com.android.support.constraint:constraint-layout:1.0.2] AndroidManifest.xml:2:1-11:12
MERGED from [com.google.firebase:firebase-core:10.2.1] AndroidManifest.xml:2:1-6:12
MERGED from [com.google.firebase:firebase-auth:10.2.1] AndroidManifest.xml:16:1-21:12
MERGED from [com.google.android.gms:play-services-auth:10.2.1] AndroidManifest.xml:16:1-26:12
MERGED from [com.google.firebase:firebase-database:10.2.1] AndroidManifest.xml:2:1-4:12
MERGED from [com.android.support:cardview-v7:25.3.0] AndroidManifest.xml:17:1-28:12
MERGED from [com.android.support:recyclerview-v7:25.3.0] AndroidManifest.xml:17:1-26:12
MERGED from [de.hdodenhof:circleimageview:2.1.0] AndroidManifest.xml:2:1-11:12
MERGED from [com.google.firebase:firebase-storage:10.2.1] AndroidManifest.xml:2:1-4:12
MERGED from [com.google.maps.android:android-maps-utils:0.5] AndroidManifest.xml:2:1-13:12
MERGED from [com.android.support:multidex:1.0.2] AndroidManifest.xml:17:1-22:12
MERGED from [com.android.support:animated-vector-drawable:25.3.0] AndroidManifest.xml:17:1-28:12
MERGED from [com.android.support:support-vector-drawable:25.3.0] AndroidManifest.xml:17:1-28:12
MERGED from [com.android.support:customtabs:25.3.0] AndroidManifest.xml:17:1-28:12
MERGED from [com.google.firebase:firebase-crash:10.2.1] AndroidManifest.xml:16:1-25:12
MERGED from [com.google.android.gms:play-services-tagmanager:10.2.1] AndroidManifest.xml:16:1-18:12
MERGED from [com.google.android.gms:play-services-tagmanager-api:10.2.1] AndroidManifest.xml:16:1-34:12
MERGED from [com.google.firebase:firebase-analytics:10.2.1] AndroidManifest.xml:16:1-34:12
MERGED from [com.google.android.gms:play-services-auth-base:10.2.1] AndroidManifest.xml:2:1-5:12
MERGED from [com.google.android.gms:play-services-ads:10.2.1] AndroidManifest.xml:16:1-18:12
MERGED from [com.google.android.gms:play-services-analytics:10.2.1] AndroidManifest.xml:16:1-27:12
MERGED from [com.google.android.gms:play-services-tagmanager-v4-impl:10.2.1] AndroidManifest.xml:16:1-20:12
MERGED from [com.google.android.gms:play-services-analytics-impl:10.2.1] AndroidManifest.xml:16:1-27:12
MERGED from [com.google.android.gms:play-services-appinvite:10.2.1] AndroidManifest.xml:16:1-27:12
MERGED from [com.google.android.gms:play-services-clearcut:10.2.1] AndroidManifest.xml:16:1-19:12
MERGED from [com.google.firebase:firebase-config:10.2.1] AndroidManifest.xml:16:1-19:12
MERGED from [com.google.android.gms:play-services-awareness:10.2.1] AndroidManifest.xml:16:1-19:12
MERGED from [com.google.android.gms:play-services-games:10.2.1] AndroidManifest.xml:16:1-19:12
MERGED from [com.google.android.gms:play-services-drive:10.2.1] AndroidManifest.xml:16:1-19:12
MERGED from [com.google.android.gms:play-services-fitness:10.2.1] AndroidManifest.xml:16:1-19:12
MERGED from [com.google.android.gms:play-services-gcm:10.2.1] AndroidManifest.xml:16:1-24:12
MERGED from [com.google.firebase:firebase-appindexing:10.2.1] AndroidManifest.xml:16:1-19:12
MERGED from [com.google.android.gms:play-services-wallet:10.2.1] AndroidManifest.xml:16:1-20:12
MERGED from [com.google.android.gms:play-services-identity:10.2.1] AndroidManifest.xml:16:1-19:12
MERGED from [com.google.android.gms:play-services-iid:10.2.1] AndroidManifest.xml:16:1-24:12
MERGED from [com.google.android.gms:play-services-instantapps:10.2.1] AndroidManifest.xml:2:1-4:12
MERGED from [com.google.android.gms:play-services-location:10.2.1] AndroidManifest.xml:2:1-5:12
MERGED from [com.google.android.gms:play-services-places:10.2.1] AndroidManifest.xml:16:1-19:12
MERGED from [com.google.android.gms:play-services-maps:10.2.1] AndroidManifest.xml:16:1-25:12
MERGED from [com.google.android.gms:play-services-nearby:10.2.1] AndroidManifest.xml:2:1-6:12
MERGED from [com.google.android.gms:play-services-panorama:10.2.1] AndroidManifest.xml:16:1-19:12
MERGED from [com.google.android.gms:play-services-plus:10.2.1] AndroidManifest.xml:16:1-19:12
MERGED from [com.google.android.gms:play-services-safetynet:10.2.1] AndroidManifest.xml:16:1-19:12
MERGED from [com.google.android.gms:play-services-vision:10.2.1] AndroidManifest.xml:2:1-5:12
MERGED from [com.google.android.gms:play-services-wearable:10.2.1] AndroidManifest.xml:16:1-19:12
MERGED from [com.google.android.gms:play-services-base:10.2.1] AndroidManifest.xml:16:1-21:12
MERGED from [com.google.firebase:firebase-database-connection:10.2.1] AndroidManifest.xml:2:1-4:12
MERGED from [com.google.firebase:firebase-messaging:10.2.1] AndroidManifest.xml:16:1-30:12
MERGED from [com.google.firebase:firebase-analytics-impl:10.2.1] AndroidManifest.xml:16:1-29:12
MERGED from [com.google.firebase:firebase-iid:10.2.1] AndroidManifest.xml:16:1-50:12
MERGED from [com.google.firebase:firebase-common:10.2.1] AndroidManifest.xml:2:1-8:12
MERGED from [com.google.android.gms:play-services-tasks:10.2.1] AndroidManifest.xml:2:1-5:12
MERGED from [com.google.firebase:firebase-storage-common:10.2.1] AndroidManifest.xml:2:1-4:12
MERGED from [com.google.android.gms:play-services-ads-lite:10.2.1] AndroidManifest.xml:16:1-28:12
MERGED from [com.google.android.gms:play-services-gass:10.2.1] AndroidManifest.xml:2:1-5:12
MERGED from [com.google.android.gms:play-services-basement:10.2.1] AndroidManifest.xml:16:1-23:12
MERGED from [com.android.support:transition:25.3.0] AndroidManifest.xml:17:1-28:12
MERGED from [com.android.support:support-v4:25.3.0] AndroidManifest.xml:17:1-31:12
MERGED from [com.android.support:support-fragment:25.3.0] AndroidManifest.xml:17:1-31:12
MERGED from [com.android.support:support-core-ui:25.3.0] AndroidManifest.xml:17:1-31:12
MERGED from [com.android.support:support-media-compat:25.3.0] AndroidManifest.xml:17:1-31:12
MERGED from [com.android.support:palette-v7:25.3.0] AndroidManifest.xml:17:1-28:12
MERGED from [com.android.support:support-core-utils:25.3.0] AndroidManifest.xml:17:1-31:12
MERGED from [com.android.support:support-compat:25.3.0] AndroidManifest.xml:17:1-31:12
INJECTED from src/main/AndroidManifest.xml:2:1-85:12
INJECTED from src/main/AndroidManifest.xml:2:1-85:12
INJECTED from src/main/AndroidManifest.xml:2:1-85:12
	package
		ADDED from src/main/AndroidManifest.xml:3:5-45
		INJECTED from src/main/AndroidManifest.xml
		INJECTED from src/main/AndroidManifest.xml
	android:versionName
		INJECTED from src/main/AndroidManifest.xml
		INJECTED from src/main/AndroidManifest.xml
	android:versionCode
		INJECTED from src/main/AndroidManifest.xml
		INJECTED from src/main/AndroidManifest.xml
	xmlns:android
		ADDED from src/main/AndroidManifest.xml:2:11-69
uses-permission#android.permission.INTERNET
ADDED from src/main/AndroidManifest.xml:6:5-66
MERGED from [com.google.firebase:firebase-crash:10.2.1] AndroidManifest.xml:18:5-66
MERGED from [com.google.firebase:firebase-crash:10.2.1] AndroidManifest.xml:18:5-66
MERGED from [com.google.android.gms:play-services-tagmanager-api:10.2.1] AndroidManifest.xml:20:5-66
MERGED from [com.google.android.gms:play-services-tagmanager-api:10.2.1] AndroidManifest.xml:20:5-66
MERGED from [com.google.firebase:firebase-analytics:10.2.1] AndroidManifest.xml:20:5-66
MERGED from [com.google.firebase:firebase-analytics:10.2.1] AndroidManifest.xml:20:5-66
MERGED from [com.google.android.gms:play-services-analytics:10.2.1] AndroidManifest.xml:20:5-66
MERGED from [com.google.android.gms:play-services-analytics:10.2.1] AndroidManifest.xml:20:5-66
MERGED from [com.google.android.gms:play-services-analytics-impl:10.2.1] AndroidManifest.xml:20:5-66
MERGED from [com.google.android.gms:play-services-analytics-impl:10.2.1] AndroidManifest.xml:20:5-66
MERGED from [com.google.android.gms:play-services-appinvite:10.2.1] AndroidManifest.xml:18:5-66
MERGED from [com.google.android.gms:play-services-appinvite:10.2.1] AndroidManifest.xml:18:5-66
MERGED from [com.google.android.gms:play-services-gcm:10.2.1] AndroidManifest.xml:21:5-66
MERGED from [com.google.android.gms:play-services-gcm:10.2.1] AndroidManifest.xml:21:5-66
MERGED from [com.google.android.gms:play-services-iid:10.2.1] AndroidManifest.xml:21:5-66
MERGED from [com.google.android.gms:play-services-iid:10.2.1] AndroidManifest.xml:21:5-66
MERGED from [com.google.android.gms:play-services-maps:10.2.1] AndroidManifest.xml:20:5-66
MERGED from [com.google.android.gms:play-services-maps:10.2.1] AndroidManifest.xml:20:5-66
MERGED from [com.google.firebase:firebase-analytics-impl:10.2.1] AndroidManifest.xml:20:5-66
MERGED from [com.google.firebase:firebase-analytics-impl:10.2.1] AndroidManifest.xml:20:5-66
MERGED from [com.google.firebase:firebase-iid:10.2.1] AndroidManifest.xml:20:5-66
MERGED from [com.google.firebase:firebase-iid:10.2.1] AndroidManifest.xml:20:5-66
MERGED from [com.google.android.gms:play-services-ads-lite:10.2.1] AndroidManifest.xml:19:5-66
MERGED from [com.google.android.gms:play-services-ads-lite:10.2.1] AndroidManifest.xml:19:5-66
	android:name
		ADDED from src/main/AndroidManifest.xml:6:22-64
uses-permission#android.permission.ACCESS_COARSE_LOCATION
ADDED from src/main/AndroidManifest.xml:7:5-81
	android:name
		ADDED from src/main/AndroidManifest.xml:7:22-78
uses-permission#android.permission.ACCESS_FINE_LOCATION
ADDED from src/main/AndroidManifest.xml:8:5-78
	android:name
		ADDED from src/main/AndroidManifest.xml:8:22-76
uses-permission#android.permission.READ_EXTERNAL_STORAGE
ADDED from src/main/AndroidManifest.xml:9:5-79
	android:name
		ADDED from src/main/AndroidManifest.xml:9:22-77
application
ADDED from src/main/AndroidManifest.xml:11:5-83:19
MERGED from [com.facebook.android:facebook-android-sdk:4.25.0] AndroidManifest.xml:28:5-48:19
MERGED from [com.facebook.android:facebook-android-sdk:4.25.0] AndroidManifest.xml:28:5-48:19
MERGED from [com.android.support:design:25.3.0] AndroidManifest.xml:29:5-20
MERGED from [com.android.support:design:25.3.0] AndroidManifest.xml:29:5-20
MERGED from [com.google.android.gms:play-services:10.2.1] AndroidManifest.xml:5:5-20
MERGED from [com.google.android.gms:play-services:10.2.1] AndroidManifest.xml:5:5-20
MERGED from [com.google.android.gms:play-services-cast-framework:10.2.1] AndroidManifest.xml:4:5-8:19
MERGED from [com.google.android.gms:play-services-cast-framework:10.2.1] AndroidManifest.xml:4:5-8:19
MERGED from [com.google.android.gms:play-services-cast:10.2.1] AndroidManifest.xml:18:5-19
MERGED from [com.google.android.gms:play-services-cast:10.2.1] AndroidManifest.xml:18:5-19
MERGED from [com.android.support:mediarouter-v7:25.3.0] AndroidManifest.xml:26:5-20
MERGED from [com.android.support:mediarouter-v7:25.3.0] AndroidManifest.xml:26:5-20
MERGED from [com.android.support:appcompat-v7:25.3.0] AndroidManifest.xml:29:5-20
MERGED from [com.android.support:appcompat-v7:25.3.0] AndroidManifest.xml:29:5-20
MERGED from [com.android.support.constraint:constraint-layout:1.0.2] AndroidManifest.xml:9:5-20
MERGED from [com.android.support.constraint:constraint-layout:1.0.2] AndroidManifest.xml:9:5-20
MERGED from [com.google.firebase:firebase-core:10.2.1] AndroidManifest.xml:5:5-20
MERGED from [com.google.firebase:firebase-core:10.2.1] AndroidManifest.xml:5:5-20
MERGED from [com.google.firebase:firebase-auth:10.2.1] AndroidManifest.xml:19:5-20:19
MERGED from [com.google.firebase:firebase-auth:10.2.1] AndroidManifest.xml:19:5-20:19
MERGED from [com.google.android.gms:play-services-auth:10.2.1] AndroidManifest.xml:19:5-25:19
MERGED from [com.google.android.gms:play-services-auth:10.2.1] AndroidManifest.xml:19:5-25:19
MERGED from [com.android.support:cardview-v7:25.3.0] AndroidManifest.xml:26:5-20
MERGED from [com.android.support:cardview-v7:25.3.0] AndroidManifest.xml:26:5-20
MERGED from [de.hdodenhof:circleimageview:2.1.0] AndroidManifest.xml:9:5-20
MERGED from [de.hdodenhof:circleimageview:2.1.0] AndroidManifest.xml:9:5-20
MERGED from [com.google.maps.android:android-maps-utils:0.5] AndroidManifest.xml:7:5-11:19
MERGED from [com.google.maps.android:android-maps-utils:0.5] AndroidManifest.xml:7:5-11:19
MERGED from [com.android.support:animated-vector-drawable:25.3.0] AndroidManifest.xml:26:5-20
MERGED from [com.android.support:animated-vector-drawable:25.3.0] AndroidManifest.xml:26:5-20
MERGED from [com.android.support:support-vector-drawable:25.3.0] AndroidManifest.xml:26:5-20
MERGED from [com.android.support:support-vector-drawable:25.3.0] AndroidManifest.xml:26:5-20
MERGED from [com.android.support:customtabs:25.3.0] AndroidManifest.xml:26:5-20
MERGED from [com.android.support:customtabs:25.3.0] AndroidManifest.xml:26:5-20
MERGED from [com.google.firebase:firebase-crash:10.2.1] AndroidManifest.xml:22:5-23:19
MERGED from [com.google.firebase:firebase-crash:10.2.1] AndroidManifest.xml:22:5-23:19
MERGED from [com.google.android.gms:play-services-tagmanager-api:10.2.1] AndroidManifest.xml:23:5-33:19
MERGED from [com.google.android.gms:play-services-tagmanager-api:10.2.1] AndroidManifest.xml:23:5-33:19
MERGED from [com.google.firebase:firebase-analytics:10.2.1] AndroidManifest.xml:24:5-33:19
MERGED from [com.google.firebase:firebase-analytics:10.2.1] AndroidManifest.xml:24:5-33:19
MERGED from [com.google.android.gms:play-services-analytics:10.2.1] AndroidManifest.xml:26:5-19
MERGED from [com.google.android.gms:play-services-analytics:10.2.1] AndroidManifest.xml:26:5-19
MERGED from [com.google.android.gms:play-services-tagmanager-v4-impl:10.2.1] AndroidManifest.xml:19:5-19
MERGED from [com.google.android.gms:play-services-tagmanager-v4-impl:10.2.1] AndroidManifest.xml:19:5-19
MERGED from [com.google.android.gms:play-services-analytics-impl:10.2.1] AndroidManifest.xml:26:5-19
MERGED from [com.google.android.gms:play-services-analytics-impl:10.2.1] AndroidManifest.xml:26:5-19
MERGED from [com.google.android.gms:play-services-appinvite:10.2.1] AndroidManifest.xml:19:5-26:19
MERGED from [com.google.android.gms:play-services-appinvite:10.2.1] AndroidManifest.xml:19:5-26:19
MERGED from [com.google.android.gms:play-services-clearcut:10.2.1] AndroidManifest.xml:18:5-19
MERGED from [com.google.android.gms:play-services-clearcut:10.2.1] AndroidManifest.xml:18:5-19
MERGED from [com.google.firebase:firebase-config:10.2.1] AndroidManifest.xml:18:5-19
MERGED from [com.google.firebase:firebase-config:10.2.1] AndroidManifest.xml:18:5-19
MERGED from [com.google.android.gms:play-services-awareness:10.2.1] AndroidManifest.xml:18:5-19
MERGED from [com.google.android.gms:play-services-awareness:10.2.1] AndroidManifest.xml:18:5-19
MERGED from [com.google.android.gms:play-services-games:10.2.1] AndroidManifest.xml:18:5-19
MERGED from [com.google.android.gms:play-services-games:10.2.1] AndroidManifest.xml:18:5-19
MERGED from [com.google.android.gms:play-services-drive:10.2.1] AndroidManifest.xml:18:5-19
MERGED from [com.google.android.gms:play-services-drive:10.2.1] AndroidManifest.xml:18:5-19
MERGED from [com.google.android.gms:play-services-fitness:10.2.1] AndroidManifest.xml:18:5-19
MERGED from [com.google.android.gms:play-services-fitness:10.2.1] AndroidManifest.xml:18:5-19
MERGED from [com.google.android.gms:play-services-gcm:10.2.1] AndroidManifest.xml:23:5-19
MERGED from [com.google.android.gms:play-services-gcm:10.2.1] AndroidManifest.xml:23:5-19
MERGED from [com.google.firebase:firebase-appindexing:10.2.1] AndroidManifest.xml:18:5-19
MERGED from [com.google.firebase:firebase-appindexing:10.2.1] AndroidManifest.xml:18:5-19
MERGED from [com.google.android.gms:play-services-identity:10.2.1] AndroidManifest.xml:18:5-19
MERGED from [com.google.android.gms:play-services-identity:10.2.1] AndroidManifest.xml:18:5-19
MERGED from [com.google.android.gms:play-services-iid:10.2.1] AndroidManifest.xml:23:5-19
MERGED from [com.google.android.gms:play-services-iid:10.2.1] AndroidManifest.xml:23:5-19
MERGED from [com.google.android.gms:play-services-location:10.2.1] AndroidManifest.xml:4:5-19
MERGED from [com.google.android.gms:play-services-location:10.2.1] AndroidManifest.xml:4:5-19
MERGED from [com.google.android.gms:play-services-places:10.2.1] AndroidManifest.xml:18:5-19
MERGED from [com.google.android.gms:play-services-places:10.2.1] AndroidManifest.xml:18:5-19
MERGED from [com.google.android.gms:play-services-maps:10.2.1] AndroidManifest.xml:24:5-19
MERGED from [com.google.android.gms:play-services-maps:10.2.1] AndroidManifest.xml:24:5-19
MERGED from [com.google.android.gms:play-services-nearby:10.2.1] AndroidManifest.xml:5:5-19
MERGED from [com.google.android.gms:play-services-nearby:10.2.1] AndroidManifest.xml:5:5-19
MERGED from [com.google.android.gms:play-services-panorama:10.2.1] AndroidManifest.xml:18:5-19
MERGED from [com.google.android.gms:play-services-panorama:10.2.1] AndroidManifest.xml:18:5-19
MERGED from [com.google.android.gms:play-services-plus:10.2.1] AndroidManifest.xml:18:5-19
MERGED from [com.google.android.gms:play-services-plus:10.2.1] AndroidManifest.xml:18:5-19
MERGED from [com.google.android.gms:play-services-safetynet:10.2.1] AndroidManifest.xml:18:5-19
MERGED from [com.google.android.gms:play-services-safetynet:10.2.1] AndroidManifest.xml:18:5-19
MERGED from [com.google.android.gms:play-services-vision:10.2.1] AndroidManifest.xml:4:5-19
MERGED from [com.google.android.gms:play-services-vision:10.2.1] AndroidManifest.xml:4:5-19
MERGED from [com.google.android.gms:play-services-wearable:10.2.1] AndroidManifest.xml:18:5-19
MERGED from [com.google.android.gms:play-services-wearable:10.2.1] AndroidManifest.xml:18:5-19
MERGED from [com.google.android.gms:play-services-base:10.2.1] AndroidManifest.xml:18:5-20:19
MERGED from [com.google.android.gms:play-services-base:10.2.1] AndroidManifest.xml:18:5-20:19
MERGED from [com.google.firebase:firebase-messaging:10.2.1] AndroidManifest.xml:19:5-29:19
MERGED from [com.google.firebase:firebase-messaging:10.2.1] AndroidManifest.xml:19:5-29:19
MERGED from [com.google.firebase:firebase-analytics-impl:10.2.1] AndroidManifest.xml:24:5-28:19
MERGED from [com.google.firebase:firebase-analytics-impl:10.2.1] AndroidManifest.xml:24:5-28:19
MERGED from [com.google.firebase:firebase-iid:10.2.1] AndroidManifest.xml:28:5-49:19
MERGED from [com.google.firebase:firebase-iid:10.2.1] AndroidManifest.xml:28:5-49:19
MERGED from [com.google.firebase:firebase-common:10.2.1] AndroidManifest.xml:4:5-7:19
MERGED from [com.google.firebase:firebase-common:10.2.1] AndroidManifest.xml:4:5-7:19
MERGED from [com.google.android.gms:play-services-tasks:10.2.1] AndroidManifest.xml:4:5-19
MERGED from [com.google.android.gms:play-services-tasks:10.2.1] AndroidManifest.xml:4:5-19
MERGED from [com.google.android.gms:play-services-ads-lite:10.2.1] AndroidManifest.xml:23:5-27:19
MERGED from [com.google.android.gms:play-services-ads-lite:10.2.1] AndroidManifest.xml:23:5-27:19
MERGED from [com.google.android.gms:play-services-gass:10.2.1] AndroidManifest.xml:4:5-19
MERGED from [com.google.android.gms:play-services-gass:10.2.1] AndroidManifest.xml:4:5-19
MERGED from [com.google.android.gms:play-services-basement:10.2.1] AndroidManifest.xml:19:5-21:19
MERGED from [com.google.android.gms:play-services-basement:10.2.1] AndroidManifest.xml:19:5-21:19
MERGED from [com.android.support:transition:25.3.0] AndroidManifest.xml:26:5-20
MERGED from [com.android.support:transition:25.3.0] AndroidManifest.xml:26:5-20
MERGED from [com.android.support:support-v4:25.3.0] AndroidManifest.xml:29:5-20
MERGED from [com.android.support:support-v4:25.3.0] AndroidManifest.xml:29:5-20
MERGED from [com.android.support:support-fragment:25.3.0] AndroidManifest.xml:29:5-20
MERGED from [com.android.support:support-fragment:25.3.0] AndroidManifest.xml:29:5-20
MERGED from [com.android.support:support-core-ui:25.3.0] AndroidManifest.xml:29:5-20
MERGED from [com.android.support:support-core-ui:25.3.0] AndroidManifest.xml:29:5-20
MERGED from [com.android.support:support-media-compat:25.3.0] AndroidManifest.xml:29:5-20
MERGED from [com.android.support:support-media-compat:25.3.0] AndroidManifest.xml:29:5-20
MERGED from [com.android.support:palette-v7:25.3.0] AndroidManifest.xml:26:5-20
MERGED from [com.android.support:palette-v7:25.3.0] AndroidManifest.xml:26:5-20
MERGED from [com.android.support:support-core-utils:25.3.0] AndroidManifest.xml:29:5-20
MERGED from [com.android.support:support-core-utils:25.3.0] AndroidManifest.xml:29:5-20
MERGED from [com.android.support:support-compat:25.3.0] AndroidManifest.xml:29:5-20
MERGED from [com.android.support:support-compat:25.3.0] AndroidManifest.xml:29:5-20
	android:supportsRtl
		ADDED from src/main/AndroidManifest.xml:16:9-35
	android:label
		ADDED from src/main/AndroidManifest.xml:14:9-41
	android:roundIcon
		ADDED from src/main/AndroidManifest.xml:15:9-54
	android:icon
		ADDED from src/main/AndroidManifest.xml:13:9-43
	android:allowBackup
		ADDED from src/main/AndroidManifest.xml:12:9-35
	android:theme
		ADDED from src/main/AndroidManifest.xml:17:9-40
meta-data#com.google.android.geo.API_KEY
ADDED from src/main/AndroidManifest.xml:19:9-21:70
	android:value
		ADDED from src/main/AndroidManifest.xml:21:13-68
	android:name
		ADDED from src/main/AndroidManifest.xml:20:13-58
meta-data#com.facebook.sdk.ApplicationId
ADDED from src/main/AndroidManifest.xml:23:9-98
	android:value
		ADDED from src/main/AndroidManifest.xml:23:66-96
	android:name
		ADDED from src/main/AndroidManifest.xml:23:20-65
activity#com.itschool.checongbinh.foody.View.SlashScreenActivity
ADDED from src/main/AndroidManifest.xml:25:9-27:20
	android:name
		ADDED from src/main/AndroidManifest.xml:25:19-59
activity#com.itschool.checongbinh.foody.View.DangNhapActivity
ADDED from src/main/AndroidManifest.xml:29:9-31:20
	android:name
		ADDED from src/main/AndroidManifest.xml:29:19-56
activity#com.itschool.checongbinh.foody.View.TrangChuActivity
ADDED from src/main/AndroidManifest.xml:33:9-35:20
	android:name
		ADDED from src/main/AndroidManifest.xml:33:19-56
activity#com.itschool.checongbinh.foody.View.DangKyActivity
ADDED from src/main/AndroidManifest.xml:37:9-39:20
	android:name
		ADDED from src/main/AndroidManifest.xml:37:19-54
activity#com.itschool.checongbinh.foody.View.KhoiPhucMatKhauActivity
ADDED from src/main/AndroidManifest.xml:41:9-43:20
	android:name
		ADDED from src/main/AndroidManifest.xml:41:19-63
activity#com.itschool.checongbinh.foody.View.ChiTietQuanAnActivity
ADDED from src/main/AndroidManifest.xml:45:9-47:20
	android:name
		ADDED from src/main/AndroidManifest.xml:45:19-61
activity#com.itschool.checongbinh.foody.View.HienThiChiTietBinhLuanActivity
ADDED from src/main/AndroidManifest.xml:49:9-51:20
	android:name
		ADDED from src/main/AndroidManifest.xml:49:19-70
activity#com.itschool.checongbinh.foody.View.CapNhatDanhSachWifiActivity
ADDED from src/main/AndroidManifest.xml:53:9-55:20
	android:name
		ADDED from src/main/AndroidManifest.xml:53:19-67
activity#com.itschool.checongbinh.foody.View.PopupCapNhatWifiActivity
ADDED from src/main/AndroidManifest.xml:57:9-61:20
	android:theme
		ADDED from src/main/AndroidManifest.xml:58:13-64
	android:name
		ADDED from src/main/AndroidManifest.xml:57:19-64
activity#com.itschool.checongbinh.foody.View.DanDuongToiQuanAnActivity
ADDED from src/main/AndroidManifest.xml:63:9-65:20
	android:name
		ADDED from src/main/AndroidManifest.xml:63:19-65
activity#com.itschool.checongbinh.foody.View.BinhLuanActivity
ADDED from src/main/AndroidManifest.xml:67:9-69:20
	android:name
		ADDED from src/main/AndroidManifest.xml:67:19-56
activity#com.itschool.checongbinh.foody.View.ChonHinhBinhLuanActivity
ADDED from src/main/AndroidManifest.xml:71:9-73:20
	android:name
		ADDED from src/main/AndroidManifest.xml:71:19-64
activity#com.itschool.checongbinh.foody.View.ThemQuanAnActivity
ADDED from src/main/AndroidManifest.xml:75:9-81:20
	android:name
		ADDED from src/main/AndroidManifest.xml:75:19-58
intent-filter#android.intent.action.MAIN+android.intent.category.LAUNCHER
ADDED from src/main/AndroidManifest.xml:76:13-80:29
action#android.intent.action.MAIN
ADDED from src/main/AndroidManifest.xml:77:17-69
	android:name
		ADDED from src/main/AndroidManifest.xml:77:25-66
category#android.intent.category.LAUNCHER
ADDED from src/main/AndroidManifest.xml:79:17-77
	android:name
		ADDED from src/main/AndroidManifest.xml:79:27-74
uses-sdk
INJECTED from src/main/AndroidManifest.xml reason: use-sdk injection requested
INJECTED from src/main/AndroidManifest.xml
INJECTED from src/main/AndroidManifest.xml
MERGED from [com.facebook.android:facebook-android-sdk:4.25.0] AndroidManifest.xml:24:5-26:41
MERGED from [com.facebook.android:facebook-android-sdk:4.25.0] AndroidManifest.xml:24:5-26:41
MERGED from [com.android.support:design:25.3.0] AndroidManifest.xml:21:5-23:62
MERGED from [com.android.support:design:25.3.0] AndroidManifest.xml:21:5-23:62
MERGED from [com.google.android.gms:play-services:10.2.1] AndroidManifest.xml:4:5-43
MERGED from [com.google.android.gms:play-services:10.2.1] AndroidManifest.xml:4:5-43
MERGED from [com.google.android.gms:play-services-cast-framework:10.2.1] AndroidManifest.xml:3:5-43
MERGED from [com.google.android.gms:play-services-cast-framework:10.2.1] AndroidManifest.xml:3:5-43
MERGED from [com.google.android.gms:play-services-cast:10.2.1] AndroidManifest.xml:17:5-43
MERGED from [com.google.android.gms:play-services-cast:10.2.1] AndroidManifest.xml:17:5-43
MERGED from [com.android.support:mediarouter-v7:25.3.0] AndroidManifest.xml:20:5-43
MERGED from [com.android.support:mediarouter-v7:25.3.0] AndroidManifest.xml:20:5-43
MERGED from [com.android.support:appcompat-v7:25.3.0] AndroidManifest.xml:21:5-23:78
MERGED from [com.android.support:appcompat-v7:25.3.0] AndroidManifest.xml:21:5-23:78
MERGED from [com.android.support.constraint:constraint-layout:1.0.2] AndroidManifest.xml:5:5-7:41
MERGED from [com.android.support.constraint:constraint-layout:1.0.2] AndroidManifest.xml:5:5-7:41
MERGED from [com.google.firebase:firebase-core:10.2.1] AndroidManifest.xml:4:5-43
MERGED from [com.google.firebase:firebase-core:10.2.1] AndroidManifest.xml:4:5-43
MERGED from [com.google.firebase:firebase-auth:10.2.1] AndroidManifest.xml:17:5-43
MERGED from [com.google.firebase:firebase-auth:10.2.1] AndroidManifest.xml:17:5-43
MERGED from [com.google.android.gms:play-services-auth:10.2.1] AndroidManifest.xml:17:5-43
MERGED from [com.google.android.gms:play-services-auth:10.2.1] AndroidManifest.xml:17:5-43
MERGED from [com.google.firebase:firebase-database:10.2.1] AndroidManifest.xml:3:5-43
MERGED from [com.google.firebase:firebase-database:10.2.1] AndroidManifest.xml:3:5-43
MERGED from [com.android.support:cardview-v7:25.3.0] AndroidManifest.xml:20:5-43
MERGED from [com.android.support:cardview-v7:25.3.0] AndroidManifest.xml:20:5-43
MERGED from [com.android.support:recyclerview-v7:25.3.0] AndroidManifest.xml:20:5-43
MERGED from [com.android.support:recyclerview-v7:25.3.0] AndroidManifest.xml:20:5-43
MERGED from [de.hdodenhof:circleimageview:2.1.0] AndroidManifest.xml:5:5-7:41
MERGED from [de.hdodenhof:circleimageview:2.1.0] AndroidManifest.xml:5:5-7:41
MERGED from [com.google.firebase:firebase-storage:10.2.1] AndroidManifest.xml:3:5-43
MERGED from [com.google.firebase:firebase-storage:10.2.1] AndroidManifest.xml:3:5-43
MERGED from [com.google.maps.android:android-maps-utils:0.5] AndroidManifest.xml:5:5-43
MERGED from [com.google.maps.android:android-maps-utils:0.5] AndroidManifest.xml:5:5-43
MERGED from [com.android.support:multidex:1.0.2] AndroidManifest.xml:20:5-43
MERGED from [com.android.support:multidex:1.0.2] AndroidManifest.xml:20:5-43
MERGED from [com.android.support:animated-vector-drawable:25.3.0] AndroidManifest.xml:20:5-44
MERGED from [com.android.support:animated-vector-drawable:25.3.0] AndroidManifest.xml:20:5-44
MERGED from [com.android.support:support-vector-drawable:25.3.0] AndroidManifest.xml:20:5-43
MERGED from [com.android.support:support-vector-drawable:25.3.0] AndroidManifest.xml:20:5-43
MERGED from [com.android.support:customtabs:25.3.0] AndroidManifest.xml:20:5-44
MERGED from [com.android.support:customtabs:25.3.0] AndroidManifest.xml:20:5-44
MERGED from [com.google.firebase:firebase-crash:10.2.1] AndroidManifest.xml:20:5-43
MERGED from [com.google.firebase:firebase-crash:10.2.1] AndroidManifest.xml:20:5-43
MERGED from [com.google.android.gms:play-services-tagmanager:10.2.1] AndroidManifest.xml:17:5-43
MERGED from [com.google.android.gms:play-services-tagmanager:10.2.1] AndroidManifest.xml:17:5-43
MERGED from [com.google.android.gms:play-services-tagmanager-api:10.2.1] AndroidManifest.xml:17:5-43
MERGED from [com.google.android.gms:play-services-tagmanager-api:10.2.1] AndroidManifest.xml:17:5-43
MERGED from [com.google.firebase:firebase-analytics:10.2.1] AndroidManifest.xml:17:5-43
MERGED from [com.google.firebase:firebase-analytics:10.2.1] AndroidManifest.xml:17:5-43
MERGED from [com.google.android.gms:play-services-auth-base:10.2.1] AndroidManifest.xml:4:5-43
MERGED from [com.google.android.gms:play-services-auth-base:10.2.1] AndroidManifest.xml:4:5-43
MERGED from [com.google.android.gms:play-services-ads:10.2.1] AndroidManifest.xml:17:5-43
MERGED from [com.google.android.gms:play-services-ads:10.2.1] AndroidManifest.xml:17:5-43
MERGED from [com.google.android.gms:play-services-analytics:10.2.1] AndroidManifest.xml:17:5-43